<?xml version="1.0" encoding="UTF-8"?>
<!-- Generated by org.testng.reporters.JUnitXMLReporter -->
<testsuite ignored="0" hostname="DESKTOP-TUU9F5D" failures="0" tests="3" name="Default test" time="64.495" errors="0" timestamp="2025-01-07T16:37:30 EET">
  <testcase classname="AddingItemsTest.RightItems" name="Login" time="0.564"/>
  <testcase classname="AddingItemsTest.RightItems" name="AddingRightItems" time="0.26"/>
  <testcase classname="AddingItemsTest.RightItems" name="LogOut" time="2.167"/>
</testsuite> <!-- Default test -->
